{
  "stats": {
    "suites": 1,
    "tests": 9,
    "passes": 9,
    "pending": 0,
    "failures": 0,
    "start": "2026-04-11T21:24:39.222Z",
    "end": "2026-04-11T21:24:41.930Z",
    "duration": 2708,
    "testsRegistered": 9,
    "passPercent": 100,
    "pendingPercent": 0,
    "other": 0,
    "hasOther": false,
    "skipped": 0,
    "hasSkipped": false
  },
  "results": [
    {
      "uuid": "b422551e-781d-4a6d-ae8d-4e384faf0563",
      "title": "",
      "fullFile": "cypress\\e2e\\consultZipCode.cy.js",
      "file": "cypress\\e2e\\consultZipCode.cy.js",
      "beforeHooks": [],
      "afterHooks": [],
      "tests": [],
      "suites": [
        {
          "uuid": "837b886c-271b-4e48-92a4-6ee579e9401b",
          "title": "Consulta CEP",
          "fullFile": "",
          "file": "",
          "beforeHooks": [],
          "afterHooks": [],
          "tests": [
            {
              "title": "Deve buscar um CEP válido com sucesso",
              "fullTitle": "Consulta CEP Deve buscar um CEP válido com sucesso",
              "timedOut": null,
              "duration": 283,
              "state": "passed",
              "speed": "fast",
              "pass": true,
              "fail": false,
              "pending": false,
              "context": null,
              "code": "cy.getZipCode(this.data.zipCode.valid.withoutMask).then(response => {\n  expect(response.status).to.eq(200);\n  expect(response.body.cep).to.eq(\"05820200\");\n  expect(response.body.state).to.eq(\"SP\");\n  expect(response.body.city).to.eq(\"São Paulo\");\n  expect(response.body.neighborhood).to.eq('Jardim Novo Santo Amaro');\n  expect(response.body.street).to.eq(\"Rua Nova do Tuparoquera\");\n  expect(response.body.service).to.eq(\"open-cep\");\n  cy.screenshot('api-valid-zip-code');\n});",
              "err": {},
              "uuid": "a9fedebd-9192-47f1-8cbf-27bd7e434986",
              "parentUUID": "837b886c-271b-4e48-92a4-6ee579e9401b",
              "isHook": false,
              "skipped": false
            },
            {
              "title": "Deve buscar CEP válido com máscara com sucesso",
              "fullTitle": "Consulta CEP Deve buscar CEP válido com máscara com sucesso",
              "timedOut": null,
              "duration": 213,
              "state": "passed",
              "speed": "fast",
              "pass": true,
              "fail": false,
              "pending": false,
              "context": null,
              "code": "cy.getZipCode(this.data.zipCode.valid.withMask).then(response => {\n  expect(response.status).to.eq(200);\n  expect(response.body.cep).to.eq(\"05820200\");\n  expect(response.body.state).to.eq(\"SP\");\n  expect(response.body.city).to.eq(\"São Paulo\");\n  expect(response.body.neighborhood).to.eq('Jardim Novo Santo Amaro');\n  expect(response.body.street).to.eq(\"Rua Nova do Tuparoquera\");\n  expect(response.body.service).to.eq(\"open-cep\");\n  cy.screenshot('api-valid-zip-code-with-mask');\n});",
              "err": {},
              "uuid": "06bf5efe-41e1-46d7-b74d-e3cd1bbf89ec",
              "parentUUID": "837b886c-271b-4e48-92a4-6ee579e9401b",
              "isHook": false,
              "skipped": false
            },
            {
              "title": "Deve retornar erro ao buscar um CEP inválido",
              "fullTitle": "Consulta CEP Deve retornar erro ao buscar um CEP inválido",
              "timedOut": null,
              "duration": 371,
              "state": "passed",
              "speed": "fast",
              "pass": true,
              "fail": false,
              "pending": false,
              "context": null,
              "code": "cy.getZipCode(this.data.zipCode.invalid.invalidFormat).then(response => {\n  expect(response.status).to.eq(400);\n  expect(response.body.message).to.eq(\"CEP deve conter exatamente 8 caracteres.\");\n  cy.screenshot('api-invalid-zip-code-format');\n});",
              "err": {},
              "uuid": "a4babe87-2060-4493-909e-a378fc4cd64e",
              "parentUUID": "837b886c-271b-4e48-92a4-6ee579e9401b",
              "isHook": false,
              "skipped": false
            },
            {
              "title": "Deve retornar erro ao buscar um CEP inexistente",
              "fullTitle": "Consulta CEP Deve retornar erro ao buscar um CEP inexistente",
              "timedOut": null,
              "duration": 217,
              "state": "passed",
              "speed": "fast",
              "pass": true,
              "fail": false,
              "pending": false,
              "context": null,
              "code": "cy.getZipCode(this.data.zipCode.invalid.nonExistent).then(response => {\n  expect(response.status).to.eq(404);\n  expect(response.body.message).to.eq(\"Todos os serviços de CEP retornaram erro.\");\n  cy.screenshot('api-zip-code-not-found');\n});",
              "err": {},
              "uuid": "3a700938-20db-4b14-b2f6-0f70aff272a6",
              "parentUUID": "837b886c-271b-4e48-92a4-6ee579e9401b",
              "isHook": false,
              "skipped": false
            },
            {
              "title": "Deve retornar erro ao consultar CEP vazio",
              "fullTitle": "Consulta CEP Deve retornar erro ao consultar CEP vazio",
              "timedOut": null,
              "duration": 432,
              "state": "passed",
              "speed": "fast",
              "pass": true,
              "fail": false,
              "pending": false,
              "context": null,
              "code": "cy.getZipCode(this.data.zipCode).then(response => {\n  expect(response.status).to.eq(400);\n  expect(response.body.message).to.eq(\"CEP deve conter exatamente 8 caracteres.\");\n  cy.screenshot('api-empty-zip-code');\n});",
              "err": {},
              "uuid": "51e5a579-a353-4348-a31d-18fb474b1435",
              "parentUUID": "837b886c-271b-4e48-92a4-6ee579e9401b",
              "isHook": false,
              "skipped": false
            },
            {
              "title": "Deve validar CEP com menos de 8 dígitos e retornar erro",
              "fullTitle": "Consulta CEP Deve validar CEP com menos de 8 dígitos e retornar erro",
              "timedOut": null,
              "duration": 387,
              "state": "passed",
              "speed": "fast",
              "pass": true,
              "fail": false,
              "pending": false,
              "context": null,
              "code": "cy.getZipCode(this.data.zipCode.invalid.lessThan8Digits).then(response => {\n  expect(response.status).to.eq(400);\n  expect(response.body.errors[0].message).to.eq(\"CEP informado possui menos do que 8 caracteres.\");\n  cy.screenshot('api-zip-code-less-than-8-digits');\n});",
              "err": {},
              "uuid": "9d99ba81-a7da-4c41-9c25-703e64df4f24",
              "parentUUID": "837b886c-271b-4e48-92a4-6ee579e9401b",
              "isHook": false,
              "skipped": false
            },
            {
              "title": "Deve validar CEP com mais de 8 dígitos e retornar erro",
              "fullTitle": "Consulta CEP Deve validar CEP com mais de 8 dígitos e retornar erro",
              "timedOut": null,
              "duration": 354,
              "state": "passed",
              "speed": "fast",
              "pass": true,
              "fail": false,
              "pending": false,
              "context": null,
              "code": "cy.getZipCode(this.data.zipCode.invalid.moreThan8Digits).then(response => {\n  expect(response.status).to.eq(400);\n  expect(response.body.errors[0].message).to.eq(\"CEP informado possui mais do que 8 caracteres.\");\n  cy.screenshot('api-zip-code-more-than-8-digits');\n});",
              "err": {},
              "uuid": "3ce94d32-1fd3-42d2-9c90-53b9a1f17b64",
              "parentUUID": "837b886c-271b-4e48-92a4-6ee579e9401b",
              "isHook": false,
              "skipped": false
            },
            {
              "title": "Deve validar a estrutura do retorno da api ao buscar um CEP válido com sucesso",
              "fullTitle": "Consulta CEP Deve validar a estrutura do retorno da api ao buscar um CEP válido com sucesso",
              "timedOut": null,
              "duration": 153,
              "state": "passed",
              "speed": "fast",
              "pass": true,
              "fail": false,
              "pending": false,
              "context": null,
              "code": "cy.getZipCode(this.data.zipCode.valid.withoutMask).then(response => {\n  expect(response.status).to.eq(200);\n  expect(response.body).to.have.all.keys(['cep', 'state', 'city', 'neighborhood', 'street', 'service']);\n  cy.screenshot('api-response-structure');\n});",
              "err": {},
              "uuid": "67c55fac-1df5-43d2-b0b0-1c92aee50741",
              "parentUUID": "837b886c-271b-4e48-92a4-6ee579e9401b",
              "isHook": false,
              "skipped": false
            },
            {
              "title": "Deve validar tipos dos campos retornados na consulta de CEP",
              "fullTitle": "Consulta CEP Deve validar tipos dos campos retornados na consulta de CEP",
              "timedOut": null,
              "duration": 169,
              "state": "passed",
              "speed": "fast",
              "pass": true,
              "fail": false,
              "pending": false,
              "context": null,
              "code": "cy.getZipCode(this.data.zipCode.valid.withoutMask).then(response => {\n  expect(response.status).to.eq(200);\n  expect(response.body.cep).to.be.a('string');\n  expect(response.body.city).to.be.a('string');\n  expect(response.body.state).to.be.a('string');\n  expect(response.body.neighborhood).to.be.a('string');\n  expect(response.body.street).to.be.a('string');\n  expect(response.body.service).to.be.a('string');\n  expect(response.body.state).to.have.length(2);\n});\ncy.screenshot('api-response-data-types');",
              "err": {},
              "uuid": "2384f289-0555-4f23-9e0c-8539615f00ac",
              "parentUUID": "837b886c-271b-4e48-92a4-6ee579e9401b",
              "isHook": false,
              "skipped": false
            }
          ],
          "suites": [],
          "passes": [
            "a9fedebd-9192-47f1-8cbf-27bd7e434986",
            "06bf5efe-41e1-46d7-b74d-e3cd1bbf89ec",
            "a4babe87-2060-4493-909e-a378fc4cd64e",
            "3a700938-20db-4b14-b2f6-0f70aff272a6",
            "51e5a579-a353-4348-a31d-18fb474b1435",
            "9d99ba81-a7da-4c41-9c25-703e64df4f24",
            "3ce94d32-1fd3-42d2-9c90-53b9a1f17b64",
            "67c55fac-1df5-43d2-b0b0-1c92aee50741",
            "2384f289-0555-4f23-9e0c-8539615f00ac"
          ],
          "failures": [],
          "pending": [],
          "skipped": [],
          "duration": 2579,
          "root": false,
          "rootEmpty": false,
          "_timeout": 2000
        }
      ],
      "passes": [],
      "failures": [],
      "pending": [],
      "skipped": [],
      "duration": 0,
      "root": true,
      "rootEmpty": true,
      "_timeout": 2000
    }
  ],
  "meta": {
    "mocha": {
      "version": "7.2.0"
    },
    "mochawesome": {
      "options": {
        "quiet": false,
        "reportFilename": "mochawesome",
        "saveHtml": true,
        "saveJson": true,
        "consoleReporter": "spec",
        "useInlineDiffs": false,
        "code": true
      },
      "version": "7.1.4"
    },
    "marge": {
      "options": {
        "reportDir": "cypress/reports/mochawesome",
        "overwrite": true,
        "html": true,
        "json": true
      },
      "version": "6.3.2"
    }
  }
}